<?xml version="1.0" encoding="UTF-8"?>
<!-- Generated by org.testng.reporters.JUnitXMLReporter -->
<testsuite ignored="0" hostname="DESKTOP-G74HI41" failures="0" tests="2" name="Default test" time="5.526" errors="0" timestamp="2022-06-15T15:53:09 WIB">
  <testcase classname="com.nexsoft.cicool.TestLoginUser" name="testLoginWithValidUserAndPassword" time="1.499"/>
  <testcase classname="com.nexsoft.cicool.TestLoginUser" name="testLoginWithValidUserAndWrongPassword" time="1.232"/>
</testsuite> <!-- Default test -->
