<?xml version="1.0" encoding="UTF-8"?>
<testng-results ignored="0" total="1" passed="1" failed="0" skipped="0">
  <reporter-output>
  </reporter-output>
  <suite started-at="2022-06-15T12:00:18 WIB" name="Default suite" finished-at="2022-06-15T12:00:23 WIB" duration-ms="5161">
    <groups>
    </groups>
    <test started-at="2022-06-15T12:00:18 WIB" name="Default test" finished-at="2022-06-15T12:00:23 WIB" duration-ms="5161">
      <class name="com.nexsoft.cicool.TestLoginUser">
        <test-method is-config="true" signature="init()[pri:0, instance:com.nexsoft.cicool.TestLoginUser@57a3af25]" started-at="2022-06-15T12:00:18 WIB" name="init" finished-at="2022-06-15T12:00:21 WIB" duration-ms="2810" status="PASS">
          <reporter-output>
          </reporter-output>
        </test-method> <!-- init -->
        <test-method signature="testLogin()[pri:0, instance:com.nexsoft.cicool.TestLoginUser@57a3af25]" started-at="2022-06-15T12:00:21 WIB" name="testLogin" finished-at="2022-06-15T12:00:23 WIB" duration-ms="2321" status="PASS">
          <reporter-output>
          </reporter-output>
        </test-method> <!-- testLogin -->
      </class> <!-- com.nexsoft.cicool.TestLoginUser -->
    </test> <!-- Default test -->
  </suite> <!-- Default suite -->
</testng-results>
