<?xml version="1.0" encoding="UTF-8"?>
<testng-results ignored="0" total="2" passed="2" failed="0" skipped="0">
  <reporter-output>
  </reporter-output>
  <suite started-at="2022-06-15T15:59:21 WIB" name="SuiteTest" finished-at="2022-06-15T15:59:27 WIB" duration-ms="5977">
    <groups>
    </groups>
    <test started-at="2022-06-15T15:59:21 WIB" name="User Authentication" finished-at="2022-06-15T15:59:27 WIB" duration-ms="5977">
      <class name="com.nexsoft.cicool.TestLoginUser">
        <test-method is-config="true" signature="init()[pri:0, instance:com.nexsoft.cicool.TestLoginUser@36bc55de]" started-at="2022-06-15T15:59:21 WIB" name="init" finished-at="2022-06-15T15:59:24 WIB" duration-ms="2598" status="PASS">
          <reporter-output>
          </reporter-output>
        </test-method> <!-- init -->
        <test-method is-config="true" signature="cekSession()[pri:0, instance:com.nexsoft.cicool.TestLoginUser@36bc55de]" started-at="2022-06-15T15:59:24 WIB" name="cekSession" finished-at="2022-06-15T15:59:24 WIB" duration-ms="266" status="PASS">
          <reporter-output>
          </reporter-output>
        </test-method> <!-- cekSession -->
        <test-method signature="testLoginWithValidUserAndPassword()[pri:1, instance:com.nexsoft.cicool.TestLoginUser@36bc55de]" started-at="2022-06-15T15:59:24 WIB" name="testLoginWithValidUserAndPassword" finished-at="2022-06-15T15:59:26 WIB" duration-ms="1535" status="PASS">
          <reporter-output>
          </reporter-output>
        </test-method> <!-- testLoginWithValidUserAndPassword -->
        <test-method is-config="true" signature="cekSession()[pri:0, instance:com.nexsoft.cicool.TestLoginUser@36bc55de]" started-at="2022-06-15T15:59:26 WIB" name="cekSession" finished-at="2022-06-15T15:59:26 WIB" duration-ms="256" status="PASS">
          <reporter-output>
          </reporter-output>
        </test-method> <!-- cekSession -->
        <test-method signature="testLoginWithValidUserAndWrongPassword()[pri:2, instance:com.nexsoft.cicool.TestLoginUser@36bc55de]" started-at="2022-06-15T15:59:26 WIB" name="testLoginWithValidUserAndWrongPassword" finished-at="2022-06-15T15:59:27 WIB" duration-ms="1290" status="PASS">
          <reporter-output>
          </reporter-output>
        </test-method> <!-- testLoginWithValidUserAndWrongPassword -->
      </class> <!-- com.nexsoft.cicool.TestLoginUser -->
    </test> <!-- User Authentication -->
  </suite> <!-- SuiteTest -->
</testng-results>
